2025-02-26 00:28:54 | ERROR | ERREUR | API_FETCH | Erreur HTTP: 400 - Erreur de syntaxe dans le paramètre q
2025-02-26 00:30:58 | INFO | STAGING | INSERT_UNITELEGALE | Lignes affectées: 0
2025-02-26 00:30:58 | INFO | MAIN | UNITELEGALE_UPDATE | Lignes affectées: 88
2025-02-26 00:35:36 | INFO | STAGING | INSERT_UNITELEGALE | Lignes affectées: 0
2025-02-26 00:35:36 | INFO | MAIN | UNITELEGALE_UPDATE | Lignes affectées: 88
2025-02-26 00:37:02 | INFO | STAGING | INSERT_UNITELEGALE | Lignes affectées: 0
2025-02-26 00:37:02 | INFO | MAIN | UNITELEGALE_UPDATE | Lignes affectées: 88
2025-02-26 00:37:23 | INFO | STAGING | INSERT_UNITELEGALE | Lignes affectées: 0
2025-02-26 00:37:23 | INFO | MAIN | UNITELEGALE_UPDATE | Lignes affectées: 88
2025-02-26 01:40:59 | ERROR | ERREUR | SERVICE | Erreur : object of type 'Response' has no len()
2025-02-26 01:58:10 | ERROR | ERREUR | SERVICE | Erreur : object of type 'Response' has no len()
2025-02-26 01:59:29 | ERROR | ERREUR | SERVICE | Erreur : strptime() argument 1 must be str, not None
2025-02-26 02:06:43 | INFO | STAGING | INSERT_UNITELEGALE | Lignes affectées: 945
2025-02-26 02:06:43 | INFO | MAIN | UNITELEGALE_UPDATE | Lignes affectées: 945
2025-02-26 02:06:47 | INFO | STAGING | INSERT_UNITELEGALE | Lignes affectées: 785
2025-02-26 02:06:47 | INFO | MAIN | UNITELEGALE_UPDATE | Lignes affectées: 1730
2025-02-26 02:06:50 | INFO | STAGING | INSERT_UNITELEGALE | Lignes affectées: 0
2025-02-26 02:06:50 | INFO | MAIN | UNITELEGALE_UPDATE | Lignes affectées: 1730
2025-02-26 02:06:54 | INFO | STAGING | INSERT_UNITELEGALE | Lignes affectées: 0
2025-02-26 02:06:54 | INFO | MAIN | UNITELEGALE_UPDATE | Lignes affectées: 1730
2025-02-26 02:06:57 | INFO | STAGING | INSERT_UNITELEGALE | Lignes affectées: 0
2025-02-26 02:06:57 | INFO | MAIN | UNITELEGALE_UPDATE | Lignes affectées: 1730
2025-02-26 02:06:57 | ERROR | ERREUR | SERVICE | Erreur : strptime() argument 1 must be str, not None
2025-02-26 02:08:17 | INFO | STAGING | INSERT_UNITELEGALE | Lignes affectées: 0
2025-02-26 02:08:17 | INFO | MAIN | UNITELEGALE_UPDATE | Lignes affectées: 1730
2025-02-26 02:08:20 | INFO | STAGING | INSERT_UNITELEGALE | Lignes affectées: 0
2025-02-26 02:08:20 | INFO | MAIN | UNITELEGALE_UPDATE | Lignes affectées: 1730
2025-02-26 02:08:23 | INFO | STAGING | INSERT_UNITELEGALE | Lignes affectées: 0
2025-02-26 02:08:23 | INFO | MAIN | UNITELEGALE_UPDATE | Lignes affectées: 1730
2025-02-26 02:08:27 | INFO | STAGING | INSERT_UNITELEGALE | Lignes affectées: 0
2025-02-26 02:08:27 | INFO | MAIN | UNITELEGALE_UPDATE | Lignes affectées: 1730
2025-02-26 02:08:30 | INFO | STAGING | INSERT_UNITELEGALE | Lignes affectées: 0
2025-02-26 02:08:30 | INFO | MAIN | UNITELEGALE_UPDATE | Lignes affectées: 1730
2025-02-26 02:08:30 | ERROR | ERREUR | SERVICE | Erreur : strptime() argument 1 must be str, not None
2025-02-26 13:59:53 | INFO | STAGING | INSERT_UNITELEGALE | Lignes affectées: 819
2025-02-26 13:59:53 | INFO | MAIN | UNITELEGALE_UPDATE | Lignes affectées: 819
2025-02-26 13:59:57 | INFO | STAGING | INSERT_UNITELEGALE | Lignes affectées: 0
2025-02-26 13:59:57 | INFO | MAIN | UNITELEGALE_UPDATE | Lignes affectées: 819
2025-02-26 14:00:00 | INFO | STAGING | INSERT_UNITELEGALE | Lignes affectées: 0
2025-02-26 14:00:00 | INFO | MAIN | UNITELEGALE_UPDATE | Lignes affectées: 819
2025-02-26 14:00:04 | INFO | STAGING | INSERT_UNITELEGALE | Lignes affectées: 0
2025-02-26 14:00:04 | INFO | MAIN | UNITELEGALE_UPDATE | Lignes affectées: 819
2025-02-26 14:00:08 | INFO | STAGING | INSERT_UNITELEGALE | Lignes affectées: 0
2025-02-26 14:00:08 | INFO | MAIN | UNITELEGALE_UPDATE | Lignes affectées: 819
2025-02-26 14:00:08 | ERROR | ERREUR | SERVICE | Erreur : strptime() argument 1 must be str, not None
2025-02-26 14:05:15 | INFO | STAGING | INSERT_UNITELEGALE | Lignes affectées: 947
2025-02-26 14:05:15 | INFO | MAIN | UNITELEGALE_UPDATE | Lignes affectées: 947
2025-02-26 14:05:24 | INFO | STAGING | INSERT_UNITELEGALE | Lignes affectées: 0
2025-02-26 14:05:24 | INFO | MAIN | UNITELEGALE_UPDATE | Lignes affectées: 947
2025-02-26 14:05:34 | INFO | STAGING | INSERT_UNITELEGALE | Lignes affectées: 0
2025-02-26 14:05:34 | INFO | MAIN | UNITELEGALE_UPDATE | Lignes affectées: 947
2025-02-26 14:05:43 | INFO | STAGING | INSERT_UNITELEGALE | Lignes affectées: 0
2025-02-26 14:05:44 | INFO | MAIN | UNITELEGALE_UPDATE | Lignes affectées: 947
2025-02-26 14:05:53 | INFO | STAGING | INSERT_UNITELEGALE | Lignes affectées: 0
2025-02-26 14:05:53 | INFO | MAIN | UNITELEGALE_UPDATE | Lignes affectées: 947
2025-02-26 14:05:53 | ERROR | ERREUR | SERVICE | Erreur : strptime() argument 1 must be str, not None
2025-02-26 14:19:26 | INFO | STAGING | INSERT_UNITELEGALE | Lignes affectées: 935
2025-02-26 14:19:26 | INFO | MAIN | UNITELEGALE_UPDATE | Lignes affectées: 935
2025-02-26 14:19:31 | INFO | STAGING | INSERT_UNITELEGALE | Lignes affectées: 0
2025-02-26 14:19:31 | INFO | MAIN | UNITELEGALE_UPDATE | Lignes affectées: 935
2025-02-26 14:19:37 | INFO | STAGING | INSERT_UNITELEGALE | Lignes affectées: 0
2025-02-26 14:19:37 | INFO | MAIN | UNITELEGALE_UPDATE | Lignes affectées: 935
2025-02-26 14:19:42 | INFO | STAGING | INSERT_UNITELEGALE | Lignes affectées: 0
2025-02-26 14:19:42 | INFO | MAIN | UNITELEGALE_UPDATE | Lignes affectées: 935
2025-02-26 14:19:48 | INFO | STAGING | INSERT_UNITELEGALE | Lignes affectées: 0
2025-02-26 14:19:48 | INFO | MAIN | UNITELEGALE_UPDATE | Lignes affectées: 935
2025-02-26 14:19:52 | ERROR | ERREUR | SERVICE | Erreur : strptime() argument 1 must be str, not None
2025-02-26 14:25:50 | INFO | STAGING | INSERT_UNITELEGALE | Lignes affectées: 0
2025-02-26 14:25:50 | INFO | MAIN | UNITELEGALE_UPDATE | Lignes affectées: 935
2025-02-26 14:25:55 | INFO | STAGING | INSERT_UNITELEGALE | Lignes affectées: 0
2025-02-26 14:25:55 | INFO | MAIN | UNITELEGALE_UPDATE | Lignes affectées: 935
2025-02-26 14:26:01 | INFO | STAGING | INSERT_UNITELEGALE | Lignes affectées: 0
2025-02-26 14:26:01 | INFO | MAIN | UNITELEGALE_UPDATE | Lignes affectées: 935
2025-02-26 14:26:06 | INFO | STAGING | INSERT_UNITELEGALE | Lignes affectées: 0
2025-02-26 14:26:06 | INFO | MAIN | UNITELEGALE_UPDATE | Lignes affectées: 935
2025-02-26 14:26:12 | INFO | STAGING | INSERT_UNITELEGALE | Lignes affectées: 0
2025-02-26 14:26:12 | INFO | MAIN | UNITELEGALE_UPDATE | Lignes affectées: 935
2025-02-26 14:26:16 | ERROR | ERREUR | SERVICE | Erreur : strptime() argument 1 must be str, not None
2025-02-26 22:23:47 | INFO | STAGING | INSERT_UNITELEGALE | Lignes affectées: 947
2025-02-26 22:23:47 | INFO | MAIN | UNITELEGALE_UPDATE | Lignes affectées: 947
2025-02-26 22:23:53 | INFO | STAGING | INSERT_UNITELEGALE | Lignes affectées: 0
2025-02-26 22:23:53 | INFO | MAIN | UNITELEGALE_UPDATE | Lignes affectées: 947
2025-02-26 22:23:59 | INFO | STAGING | INSERT_UNITELEGALE | Lignes affectées: 0
2025-02-26 22:23:59 | INFO | MAIN | UNITELEGALE_UPDATE | Lignes affectées: 947
2025-02-26 22:24:04 | INFO | STAGING | INSERT_UNITELEGALE | Lignes affectées: 0
2025-02-26 22:24:04 | INFO | MAIN | UNITELEGALE_UPDATE | Lignes affectées: 947
2025-02-26 22:24:09 | INFO | STAGING | INSERT_UNITELEGALE | Lignes affectées: 0
2025-02-26 22:24:09 | INFO | MAIN | UNITELEGALE_UPDATE | Lignes affectées: 947
2025-02-26 22:29:03 | INFO | STAGING | INSERT_UNITELEGALE | Lignes affectées: 947
2025-02-26 22:29:03 | INFO | MAIN | UNITELEGALE_UPDATE | Lignes affectées: 947
2025-02-26 22:29:21 | INFO | STAGING | INSERT_UNITELEGALE | Lignes affectées: 0
2025-02-26 22:29:21 | INFO | MAIN | UNITELEGALE_UPDATE | Lignes affectées: 947
2025-02-26 22:29:39 | INFO | STAGING | INSERT_UNITELEGALE | Lignes affectées: 0
2025-02-26 22:29:39 | INFO | MAIN | UNITELEGALE_UPDATE | Lignes affectées: 947
2025-02-26 22:29:56 | INFO | STAGING | INSERT_UNITELEGALE | Lignes affectées: 0
2025-02-26 22:29:56 | INFO | MAIN | UNITELEGALE_UPDATE | Lignes affectées: 947
2025-02-26 22:33:47 | INFO | STAGING | INSERT_UNITELEGALE | Lignes affectées: 947
2025-02-26 22:33:47 | INFO | MAIN | UNITELEGALE_UPDATE | Lignes affectées: 947
2025-02-26 22:35:07 | INFO | STAGING | INSERT_UNITELEGALE | Lignes affectées: 775
2025-02-26 22:35:07 | INFO | MAIN | UNITELEGALE_UPDATE | Lignes affectées: 1722
2025-02-26 22:35:25 | INFO | STAGING | INSERT_UNITELEGALE | Lignes affectées: 0
2025-02-26 22:35:25 | INFO | MAIN | UNITELEGALE_UPDATE | Lignes affectées: 1722
2025-02-26 22:37:08 | INFO | STAGING | INSERT_UNITELEGALE | Lignes affectées: 940
2025-02-26 22:37:08 | INFO | MAIN | UNITELEGALE_UPDATE | Lignes affectées: 940
2025-02-26 22:37:26 | INFO | STAGING | INSERT_UNITELEGALE | Lignes affectées: 0
2025-02-26 22:37:26 | INFO | MAIN | UNITELEGALE_UPDATE | Lignes affectées: 940
2025-02-26 22:37:44 | INFO | STAGING | INSERT_UNITELEGALE | Lignes affectées: 0
2025-02-26 22:37:44 | INFO | MAIN | UNITELEGALE_UPDATE | Lignes affectées: 940
2025-02-26 22:47:05 | INFO | STAGING | INSERT_UNITELEGALE | Lignes affectées: 8
2025-02-26 22:47:05 | INFO | MAIN | UNITELEGALE_UPDATE | Lignes affectées: 8
2025-02-26 22:47:22 | INFO | STAGING | INSERT_UNITELEGALE | Lignes affectées: 0
2025-02-26 22:47:22 | INFO | MAIN | UNITELEGALE_UPDATE | Lignes affectées: 8
2025-02-26 22:47:39 | INFO | STAGING | INSERT_UNITELEGALE | Lignes affectées: 0
2025-02-26 22:47:39 | INFO | MAIN | UNITELEGALE_UPDATE | Lignes affectées: 8
2025-02-26 22:47:56 | INFO | STAGING | INSERT_UNITELEGALE | Lignes affectées: 0
2025-02-26 22:47:56 | INFO | MAIN | UNITELEGALE_UPDATE | Lignes affectées: 8
2025-02-26 22:54:28 | INFO | STAGING | INSERT_UNITELEGALE | Lignes affectées: 7
2025-02-26 22:54:28 | INFO | MAIN | UNITELEGALE_UPDATE | Lignes affectées: 15
2025-02-26 22:54:45 | INFO | STAGING | INSERT_UNITELEGALE | Lignes affectées: 0
2025-02-26 22:54:45 | INFO | MAIN | UNITELEGALE_UPDATE | Lignes affectées: 15
2025-02-26 22:55:02 | INFO | STAGING | INSERT_UNITELEGALE | Lignes affectées: 0
2025-02-26 22:55:02 | INFO | MAIN | UNITELEGALE_UPDATE | Lignes affectées: 15
2025-02-26 22:55:19 | INFO | STAGING | INSERT_UNITELEGALE | Lignes affectées: 0
2025-02-26 22:55:19 | INFO | MAIN | UNITELEGALE_UPDATE | Lignes affectées: 15
2025-02-26 22:58:51 | INFO | STAGING | INSERT_UNITELEGALE | Lignes affectées: 8
2025-02-26 22:58:51 | INFO | MAIN | UNITELEGALE_UPDATE | Lignes affectées: 23
2025-02-26 22:59:08 | INFO | STAGING | INSERT_UNITELEGALE | Lignes affectées: 0
2025-02-26 22:59:08 | INFO | MAIN | UNITELEGALE_UPDATE | Lignes affectées: 23
2025-02-26 22:59:25 | INFO | STAGING | INSERT_UNITELEGALE | Lignes affectées: 0
2025-02-26 22:59:25 | INFO | MAIN | UNITELEGALE_UPDATE | Lignes affectées: 23
2025-02-26 23:02:40 | INFO | STAGING | INSERT_UNITELEGALE | Lignes affectées: 1
2025-02-26 23:02:40 | INFO | MAIN | UNITELEGALE_UPDATE | Lignes affectées: 24
2025-02-26 23:02:57 | INFO | STAGING | INSERT_UNITELEGALE | Lignes affectées: 0
2025-02-26 23:02:57 | INFO | MAIN | UNITELEGALE_UPDATE | Lignes affectées: 24
